  glad.c
  LoadPlyModel.cpp
C:\Users\Zydii\Desktop\OpenGL_FinalProject\code\LoadPlyModel.cpp(1,1): warning C4005: “_CRT_SECURE_NO_WARNINGS”: 宏重定义
C:\Users\Zydii\Desktop\OpenGL_FinalProject\code\LoadPlyModel.cpp(1,1): message : 之前在命令行上声明的“_CRT_SECURE_NO_WARNINGS”
C:\Users\Zydii\Desktop\OpenGL_FinalProject\code\LoadPlyModel.cpp(7,12): warning C4244: “初始化”: 从“double”转换到“float”，可能丢失数据
  main.cpp
C:\Program Files (x86)\Windows Kits\10\Include\10.0.22621.0\shared\minwindef.h(130,1): warning C4005: “APIENTRY”: 宏重定义
C:\Users\Zydii\Desktop\OpenGL_FinalProject\code\Libraries\Include\glad\glad.h(32): message : 参见“APIENTRY”的前一个定义
C:\Users\Zydii\Desktop\OpenGL_FinalProject\code\texture.h(279,33): warning C4305: “初始化”: 从“double”到“float”截断
C:\Users\Zydii\Desktop\OpenGL_FinalProject\code\texture.h(320,21): warning C4018: “<”: 有符号/无符号不匹配
C:\Users\Zydii\Desktop\OpenGL_FinalProject\code\texture.h(344,51): warning C4244: “参数”: 从“float”转换到“GLsizei”，可能丢失数据
C:\Users\Zydii\Desktop\OpenGL_FinalProject\code\texture.h(346,51): warning C4244: “参数”: 从“float”转换到“GLsizei”，可能丢失数据
C:\Users\Zydii\Desktop\OpenGL_FinalProject\code\texture.h(348,51): warning C4244: “参数”: 从“float”转换到“GLsizei”，可能丢失数据
C:\Users\Zydii\Desktop\OpenGL_FinalProject\code\main.cpp(59,18): warning C4305: “初始化”: 从“double”到“float”截断
C:\Users\Zydii\Desktop\OpenGL_FinalProject\code\main.cpp(80,138): warning C4305: “初始化”: 从“double”到“_Ty”截断
          with
          [
              _Ty=float
          ]
C:\Users\Zydii\Desktop\OpenGL_FinalProject\code\main.cpp(81,126): warning C4305: “初始化”: 从“double”到“_Ty”截断
          with
          [
              _Ty=float
          ]
C:\Users\Zydii\Desktop\OpenGL_FinalProject\code\main.cpp(85,64): warning C4305: “初始化”: 从“double”到“_Ty”截断
          with
          [
              _Ty=float
          ]
C:\Users\Zydii\Desktop\OpenGL_FinalProject\code\main.cpp(122,11): warning C4244: “=”: 从“double”转换到“float”，可能丢失数据
C:\Users\Zydii\Desktop\OpenGL_FinalProject\code\main.cpp(123,11): warning C4244: “=”: 从“double”转换到“float”，可能丢失数据
C:\Users\Zydii\Desktop\OpenGL_FinalProject\code\main.cpp(127,16): warning C4244: “初始化”: 从“double”转换到“float”，可能丢失数据
C:\Users\Zydii\Desktop\OpenGL_FinalProject\code\main.cpp(128,16): warning C4244: “初始化”: 从“double”转换到“float”，可能丢失数据
C:\Users\Zydii\Desktop\OpenGL_FinalProject\code\main.cpp(130,10): warning C4244: “=”: 从“double”转换到“float”，可能丢失数据
C:\Users\Zydii\Desktop\OpenGL_FinalProject\code\main.cpp(131,10): warning C4244: “=”: 从“double”转换到“float”，可能丢失数据
C:\Users\Zydii\Desktop\OpenGL_FinalProject\code\main.cpp(140,28): warning C4244: “参数”: 从“double”转换到“float”，可能丢失数据
C:\Users\Zydii\Desktop\OpenGL_FinalProject\code\main.cpp(290,18): warning C4244: “初始化”: 从“double”转换到“float”，可能丢失数据
C:\Users\Zydii\Desktop\OpenGL_FinalProject\code\main.cpp(323,19): warning C4244: “参数”: 从“double”转换到“unsigned int”，可能丢失数据
C:\Users\Zydii\Desktop\OpenGL_FinalProject\code\main.cpp(330,11): warning C4305: “+=”: 从“double”到“float”截断
C:\Users\Zydii\Desktop\OpenGL_FinalProject\code\main.cpp(333,12): warning C4305: “+=”: 从“double”到“float”截断
C:\Users\Zydii\Desktop\OpenGL_FinalProject\code\main.cpp(337,15): warning C4244: “初始化”: 从“double”转换到“float”，可能丢失数据
C:\Users\Zydii\Desktop\OpenGL_FinalProject\code\main.cpp(339,18): warning C4244: “初始化”: 从“int”转换到“float”，可能丢失数据
C:\Users\Zydii\Desktop\OpenGL_FinalProject\code\main.cpp(350,22): warning C4244: “初始化”: 从“double”转换到“float”，可能丢失数据
C:\Users\Zydii\Desktop\OpenGL_FinalProject\code\main.cpp(488,20): warning C4305: “+=”: 从“double”到“float”截断
C:\Users\Zydii\Desktop\OpenGL_FinalProject\code\main.cpp(642,19): warning C4305: “-=”: 从“double”到“float”截断
C:\Users\Zydii\Desktop\OpenGL_FinalProject\code\main.cpp(670,36): warning C4244: “-=”: 从“double”转换到“float”，可能丢失数据
  stb_image_wrap.cpp
LINK : warning LNK4098: 默认库“MSVCRTD”与其他库的使用冲突；请使用 /NODEFAULTLIB:library
  正在生成代码
  Previous IPDB not found, fall back to full compilation.
  All 1202 functions were compiled because no usable IPDB/IOBJ from previous compilation was found.
  已完成代码的生成
glfw3.lib(context.obj) : warning LNK4099: 未找到 PDB“glfw.pdb”(使用“glfw3.lib(context.obj)”或在“C:\Users\Zydii\Desktop\OpenGL_FinalProject\code\Release\glfw.pdb”中寻找)；正在链接对象，如同没有调试信息一样
glfw3.lib(init.obj) : warning LNK4099: 未找到 PDB“glfw.pdb”(使用“glfw3.lib(init.obj)”或在“C:\Users\Zydii\Desktop\OpenGL_FinalProject\code\Release\glfw.pdb”中寻找)；正在链接对象，如同没有调试信息一样
glfw3.lib(input.obj) : warning LNK4099: 未找到 PDB“glfw.pdb”(使用“glfw3.lib(input.obj)”或在“C:\Users\Zydii\Desktop\OpenGL_FinalProject\code\Release\glfw.pdb”中寻找)；正在链接对象，如同没有调试信息一样
glfw3.lib(monitor.obj) : warning LNK4099: 未找到 PDB“glfw.pdb”(使用“glfw3.lib(monitor.obj)”或在“C:\Users\Zydii\Desktop\OpenGL_FinalProject\code\Release\glfw.pdb”中寻找)；正在链接对象，如同没有调试信息一样
glfw3.lib(vulkan.obj) : warning LNK4099: 未找到 PDB“glfw.pdb”(使用“glfw3.lib(vulkan.obj)”或在“C:\Users\Zydii\Desktop\OpenGL_FinalProject\code\Release\glfw.pdb”中寻找)；正在链接对象，如同没有调试信息一样
glfw3.lib(window.obj) : warning LNK4099: 未找到 PDB“glfw.pdb”(使用“glfw3.lib(window.obj)”或在“C:\Users\Zydii\Desktop\OpenGL_FinalProject\code\Release\glfw.pdb”中寻找)；正在链接对象，如同没有调试信息一样
glfw3.lib(win32_init.obj) : warning LNK4099: 未找到 PDB“glfw.pdb”(使用“glfw3.lib(win32_init.obj)”或在“C:\Users\Zydii\Desktop\OpenGL_FinalProject\code\Release\glfw.pdb”中寻找)；正在链接对象，如同没有调试信息一样
glfw3.lib(win32_joystick.obj) : warning LNK4099: 未找到 PDB“glfw.pdb”(使用“glfw3.lib(win32_joystick.obj)”或在“C:\Users\Zydii\Desktop\OpenGL_FinalProject\code\Release\glfw.pdb”中寻找)；正在链接对象，如同没有调试信息一样
glfw3.lib(win32_monitor.obj) : warning LNK4099: 未找到 PDB“glfw.pdb”(使用“glfw3.lib(win32_monitor.obj)”或在“C:\Users\Zydii\Desktop\OpenGL_FinalProject\code\Release\glfw.pdb”中寻找)；正在链接对象，如同没有调试信息一样
glfw3.lib(win32_time.obj) : warning LNK4099: 未找到 PDB“glfw.pdb”(使用“glfw3.lib(win32_time.obj)”或在“C:\Users\Zydii\Desktop\OpenGL_FinalProject\code\Release\glfw.pdb”中寻找)；正在链接对象，如同没有调试信息一样
glfw3.lib(win32_thread.obj) : warning LNK4099: 未找到 PDB“glfw.pdb”(使用“glfw3.lib(win32_thread.obj)”或在“C:\Users\Zydii\Desktop\OpenGL_FinalProject\code\Release\glfw.pdb”中寻找)；正在链接对象，如同没有调试信息一样
glfw3.lib(win32_window.obj) : warning LNK4099: 未找到 PDB“glfw.pdb”(使用“glfw3.lib(win32_window.obj)”或在“C:\Users\Zydii\Desktop\OpenGL_FinalProject\code\Release\glfw.pdb”中寻找)；正在链接对象，如同没有调试信息一样
glfw3.lib(wgl_context.obj) : warning LNK4099: 未找到 PDB“glfw.pdb”(使用“glfw3.lib(wgl_context.obj)”或在“C:\Users\Zydii\Desktop\OpenGL_FinalProject\code\Release\glfw.pdb”中寻找)；正在链接对象，如同没有调试信息一样
glfw3.lib(egl_context.obj) : warning LNK4099: 未找到 PDB“glfw.pdb”(使用“glfw3.lib(egl_context.obj)”或在“C:\Users\Zydii\Desktop\OpenGL_FinalProject\code\Release\glfw.pdb”中寻找)；正在链接对象，如同没有调试信息一样
glfw3.lib(osmesa_context.obj) : warning LNK4099: 未找到 PDB“glfw.pdb”(使用“glfw3.lib(osmesa_context.obj)”或在“C:\Users\Zydii\Desktop\OpenGL_FinalProject\code\Release\glfw.pdb”中寻找)；正在链接对象，如同没有调试信息一样
  Project1.vcxproj -> C:\Users\Zydii\Desktop\OpenGL_FinalProject\code\Release\Project1.exe
