  glad.c
  LoadPlyModel.cpp
D:\course\大三上\courses\计算机图形学\517030910230_ZhangYuandi_大作业\项目\LoadPlyModel.cpp(1,1): warning C4005: “_CRT_SECURE_NO_WARNINGS”: 宏重定义
D:\course\大三上\courses\计算机图形学\517030910230_ZhangYuandi_大作业\项目\LoadPlyModel.cpp : message : 参见“_CRT_SECURE_NO_WARNINGS”的前一个定义
D:\course\大三上\courses\计算机图形学\517030910230_ZhangYuandi_大作业\项目\LoadPlyModel.cpp(7,12): warning C4244: “初始化”: 从“double”转换到“float”，可能丢失数据
  main.cpp
C:\Program Files (x86)\Windows Kits\10\Include\10.0.18362.0\shared\minwindef.h(130,1): warning C4005: “APIENTRY”: 宏重定义
D:\course\大三上\courses\计算机图形学\517030910230_ZhangYuandi_大作业\项目\Libraries\Include\glad\glad.h(32): message : 参见“APIENTRY”的前一个定义
D:\course\大三上\courses\计算机图形学\517030910230_ZhangYuandi_大作业\项目\texture.h(279,33): warning C4305: “初始化”: 从“double”到“float”截断
D:\course\大三上\courses\计算机图形学\517030910230_ZhangYuandi_大作业\项目\texture.h(320,21): warning C4018: “<”: 有符号/无符号不匹配
D:\course\大三上\courses\计算机图形学\517030910230_ZhangYuandi_大作业\项目\texture.h(344,51): warning C4244: “参数”: 从“float”转换到“GLsizei”，可能丢失数据
D:\course\大三上\courses\计算机图形学\517030910230_ZhangYuandi_大作业\项目\texture.h(346,51): warning C4244: “参数”: 从“float”转换到“GLsizei”，可能丢失数据
D:\course\大三上\courses\计算机图形学\517030910230_ZhangYuandi_大作业\项目\texture.h(348,51): warning C4244: “参数”: 从“float”转换到“GLsizei”，可能丢失数据
D:\course\大三上\courses\计算机图形学\517030910230_ZhangYuandi_大作业\项目\main.cpp(59,18): warning C4305: “初始化”: 从“double”到“float”截断
D:\course\大三上\courses\计算机图形学\517030910230_ZhangYuandi_大作业\项目\main.cpp(80,138): warning C4305: “初始化”: 从“double”到“_Ty”截断
          with
          [
              _Ty=float
          ]
D:\course\大三上\courses\计算机图形学\517030910230_ZhangYuandi_大作业\项目\main.cpp(81,126): warning C4305: “初始化”: 从“double”到“_Ty”截断
          with
          [
              _Ty=float
          ]
D:\course\大三上\courses\计算机图形学\517030910230_ZhangYuandi_大作业\项目\main.cpp(85,64): warning C4305: “初始化”: 从“double”到“_Ty”截断
          with
          [
              _Ty=float
          ]
D:\course\大三上\courses\计算机图形学\517030910230_ZhangYuandi_大作业\项目\main.cpp(122,11): warning C4244: “=”: 从“double”转换到“float”，可能丢失数据
D:\course\大三上\courses\计算机图形学\517030910230_ZhangYuandi_大作业\项目\main.cpp(123,11): warning C4244: “=”: 从“double”转换到“float”，可能丢失数据
D:\course\大三上\courses\计算机图形学\517030910230_ZhangYuandi_大作业\项目\main.cpp(127,16): warning C4244: “初始化”: 从“double”转换到“float”，可能丢失数据
D:\course\大三上\courses\计算机图形学\517030910230_ZhangYuandi_大作业\项目\main.cpp(128,16): warning C4244: “初始化”: 从“double”转换到“float”，可能丢失数据
D:\course\大三上\courses\计算机图形学\517030910230_ZhangYuandi_大作业\项目\main.cpp(130,10): warning C4244: “=”: 从“double”转换到“float”，可能丢失数据
D:\course\大三上\courses\计算机图形学\517030910230_ZhangYuandi_大作业\项目\main.cpp(131,10): warning C4244: “=”: 从“double”转换到“float”，可能丢失数据
D:\course\大三上\courses\计算机图形学\517030910230_ZhangYuandi_大作业\项目\main.cpp(140,28): warning C4244: “参数”: 从“double”转换到“float”，可能丢失数据
D:\course\大三上\courses\计算机图形学\517030910230_ZhangYuandi_大作业\项目\main.cpp(290,18): warning C4244: “初始化”: 从“double”转换到“float”，可能丢失数据
D:\course\大三上\courses\计算机图形学\517030910230_ZhangYuandi_大作业\项目\main.cpp(323,19): warning C4244: “参数”: 从“double”转换到“unsigned int”，可能丢失数据
D:\course\大三上\courses\计算机图形学\517030910230_ZhangYuandi_大作业\项目\main.cpp(330,11): warning C4305: “+=”: 从“double”到“float”截断
D:\course\大三上\courses\计算机图形学\517030910230_ZhangYuandi_大作业\项目\main.cpp(333,12): warning C4305: “+=”: 从“double”到“float”截断
D:\course\大三上\courses\计算机图形学\517030910230_ZhangYuandi_大作业\项目\main.cpp(337,15): warning C4244: “初始化”: 从“double”转换到“float”，可能丢失数据
D:\course\大三上\courses\计算机图形学\517030910230_ZhangYuandi_大作业\项目\main.cpp(339,18): warning C4244: “初始化”: 从“int”转换到“float”，可能丢失数据
D:\course\大三上\courses\计算机图形学\517030910230_ZhangYuandi_大作业\项目\main.cpp(350,22): warning C4244: “初始化”: 从“double”转换到“float”，可能丢失数据
D:\course\大三上\courses\计算机图形学\517030910230_ZhangYuandi_大作业\项目\main.cpp(488,20): warning C4305: “+=”: 从“double”到“float”截断
D:\course\大三上\courses\计算机图形学\517030910230_ZhangYuandi_大作业\项目\main.cpp(642,19): warning C4305: “-=”: 从“double”到“float”截断
D:\course\大三上\courses\计算机图形学\517030910230_ZhangYuandi_大作业\项目\main.cpp(670,44): warning C4244: “-=”: 从“double”转换到“float”，可能丢失数据
  stb_image_wrap.cpp
LINK : warning LNK4098: 默认库“MSVCRTD”与其他库的使用冲突；请使用 /NODEFAULTLIB:library
  正在生成代码
  Previous IPDB not found, fall back to full compilation.
  All 1130 functions were compiled because no usable IPDB/IOBJ from previous compilation was found.
  已完成代码的生成
  Project1.vcxproj -> D:\course\大三上\courses\计算机图形学\517030910230_ZhangYuandi_大作业\项目\Release\Project1.exe
